<?xml version="1.0" encoding="UTF-8"?>
<testng-results ignored="0" total="2" passed="2" failed="0" skipped="0">
  <reporter-output>
  </reporter-output>
  <suite started-at="2022-10-21T12:43:56Z" name="Default suite" finished-at="2022-10-21T12:44:38Z" duration-ms="41543">
    <groups>
    </groups>
    <test started-at="2022-10-21T12:43:56Z" name="Default test" finished-at="2022-10-21T12:44:38Z" duration-ms="41543">
      <class name="executable.Testcase1">
        <test-method signature="Test1()[pri:0, instance:executable.Testcase1@4f80542f]" started-at="2022-10-21T12:43:56Z" name="Test1" finished-at="2022-10-21T12:44:23Z" duration-ms="26982" status="PASS">
          <reporter-output>
          </reporter-output>
        </test-method> <!-- Test1 -->
        <test-method signature="Test2()[pri:0, instance:executable.Testcase1@4f80542f]" started-at="2022-10-21T12:44:23Z" name="Test2" finished-at="2022-10-21T12:44:38Z" duration-ms="14509" status="PASS">
          <reporter-output>
          </reporter-output>
        </test-method> <!-- Test2 -->
      </class> <!-- executable.Testcase1 -->
    </test> <!-- Default test -->
  </suite> <!-- Default suite -->
</testng-results>
